<?xml version="1.0" encoding="UTF-8"?>
<testng-results ignored="0" total="1" passed="1" failed="0" skipped="0">
  <reporter-output>
  </reporter-output>
  <suite started-at="2024-07-02T12:34:04 IST" name="Default suite" finished-at="2024-07-02T12:41:13 IST" duration-ms="429792">
    <groups>
    </groups>
    <test started-at="2024-07-02T12:34:04 IST" name="Default test" finished-at="2024-07-02T12:41:13 IST" duration-ms="429792">
      <class name="ECommerce">
        <test-method signature="login_addProduct_addToCart_deleteProduct()[pri:0, instance:ECommerce@75d3a5e0]" started-at="2024-07-02T12:34:04 IST" name="login_addProduct_addToCart_deleteProduct" finished-at="2024-07-02T12:41:13 IST" duration-ms="429688" status="PASS">
          <reporter-output>
          </reporter-output>
        </test-method> <!-- login_addProduct_addToCart_deleteProduct -->
      </class> <!-- ECommerce -->
    </test> <!-- Default test -->
  </suite> <!-- Default suite -->
</testng-results>
